91
##start
Yhh0 3 3
##end
Gnx5 7 7
Vew9 10 10
Fmd3 13 13
Brr0 18 18
Nxq0 23 23
Og_5 27 27
Pph8 30 30
Nko4 32 32
Rdz0 36 36
Hua5 37 37
Ixn1 39 39
Vsg9 42 42
Rra6 44 44
Mg_0 48 48
Wlv0 51 51
Sdk7 52 52
Twr4 53 53
Rfy4 55 55
Jz_7 58 58
Sox9 60 60
O__4 64 64
Reh2 68 68
Oax0 72 72
Biw3 73 73
Gpo0 78 78
Pyb6 82 82
Fp_6 85 85
Kgy8 88 88
Xqf0 91 91
Qom1 95 95
Out7 97 97
Bzf4 99 99
Nxk4 102 102
Hra2 106 106
Jus5 109 109
Sfd3 113 113
Xp_8 118 118
Wyx1 120 120
Ccx6 123 123
Umc1 127 127
Vwx4 131 131
Jqo8 134 134
Kce8 137 137
Vla8 140 140
Oss0 143 143
Wse5 146 146
Dcq8 147 147
Pb_0 149 149
Rz_7 151 151
Kkt5 155 155
Djt7 157 157
Ht_3 159 159
Dxi3 164 164
Gag7 167 167
Wqe0 170 170
Dwc5 173 173
Btn6 177 177
Cvv6 180 180
Ueo2 183 183
Zxb8 185 185
Tol2 189 189
Azq3 190 190
W_g2 191 191
Qwa2 194 194
Max4 197 197
Tjf6 198 198
Ot_9 201 201
Cih2 202 202
Vnu9 206 206
Ad_1 209 209
Ymf5 212 212
Agk0 216 216
Msj1 218 218
Ht_0 220 220
Gqf4 224 224
Bqx1 227 227
Nbf2 232 232
Gsx4 234 234
Agx7 236 236
Xpe5 241 241
Sbv1 242 242
Iiz5 244 244
Hl_4 249 249
Wu_7 252 252
Vpv4 257 257
Nd_7 261 261
Mfw2 264 264
Sff8 266 266
Jur9 269 269
Pvf2 270 270
Q__8 272 272
Fin6 274 274
Avr3 279 279
Pty0 283 283
Qsq2 286 286
U_k0 289 289
Dpl8 291 291
Uzh2 293 293
Pmd9 297 297
R_t0 302 302
Vyp8 306 306
Buw4 308 308
Bm_4 311 311
Rwh1 314 314
J_v9 315 315
Weh3 318 318
Qyq3 321 321
Mad0 324 324
M_v7 328 328
Gun0 329 329
Qlz9 332 332
Fx_2 333 333
Swz5 336 336
Jvz0 339 339
Chs9 342 342
Rwy7 345 345
Meo9 346 346
Axo8 348 348
Hst3 350 350
Cvs9 351 351
Ipi3 356 356
Wac1 360 360
Wkc8 364 364
Zqu5 365 365
Oie0 370 370
Jei9 373 373
Qzr6 376 376
Whg4 377 377
Wkm2 379 379
Ua_1 380 380
Uuo9 384 384
Sbb1 386 386
Gjy9 389 389
B__6 391 391
X_u6 396 396
Xl_3 398 398
Evo1 401 401
Wyt5 405 405
Ycc6 408 408
Mi_4 411 411
Xs_3 415 415
Th_3 419 419
Qaq5 423 423
M__6 426 426
Udd9 427 427
Myx7 431 431
Mnu4 433 433
Gcu6 437 437
Mgw5 439 439
E_c8 441 441
U_q5 444 444
Hhk3 446 446
Ntk0 450 450
Wng3 453 453
Fdg9 455 455
Nfi4 457 457
Bwg2 458 458
Dbx0 463 463
Wpb2 465 465
Tn_5 467 467
Ans4 471 471
Pff1 475 475
Vjt0 476 476
Bl_2 480 480
Owt9 484 484
B_u2 486 486
Juy9 491 491
M_f3 493 493
Kkg1 497 497
I__9 501 501
Mys8 505 505
Ypr8 508 508
Ph_3 511 511
Keq7 513 513
Pty2 516 516
Ssf7 520 520
Sa_3 522 522
Mg_2 524 524
Ymx9 528 528
Slt3 531 531
W_y4 534 534
Sgx3 536 536
Juf4 539 539
Ara4 541 541
Mkz9 542 542
Xb_0 543 543
Iz_8 547 547
Hcj8 551 551
Syb2 554 554
Kvw6 558 558
Nxo3 562 562
Tre5 567 567
Aho7 570 570
Jhp4 575 575
Vng9 577 577
Cxq8 580 580
Euv6 582 582
Nnu1 586 586
Hc_8 590 590
Gfj9 592 592
Ri_3 595 595
Sdx8 597 597
Rbv1 599 599
Vye0 603 603
Aat0 607 607
Gro2 609 609
Rb_3 613 613
Ou_8 616 616
Vws8 618 618
Sky5 621 621
Yve6 624 624
Udm1 628 628
A_j6 632 632
Ahc5 636 636
Kbl0 639 639
Nnp2 643 643
M_s0 646 646
Z_c3 649 649
Rot5 651 651
Qq_2 655 655
Ydp1 657 657
Eun0 660 660
Uqc2 663 663
Kel8 666 666
Zoy9 668 668
Cfx7 669 669
Iuc1 674 674
Fxw7 679 679
T_p3 681 681
Acb9 682 682
Dxk1 683 683
Fny1 687 687
C_d7 693 693
Eag0 695 695
Deg5 696 696
N_d0 699 699
Wqt9 702 702
Yv_6 705 705
Wzi9 708 708
Eey2 713 713
Nko6 718 718
Hdg7 721 721
I_r8 723 723
Mg_3 726 726
Frl0 729 729
Juo8 733 733
Ri_5 736 736
Okk6 738 738
Mih7 739 739
Np_5 741 741
Jl_3 745 745
Kdq1 749 749
Jjl3 753 753
Qld2 756 756
Uci5 757 757
Ukd9 762 762
P_w0 764 764
Ae_0 769 769
Ik_6 771 771
Mqb0 773 773
Zet1 776 776
Okd5 780 780
Hr_2 784 784
Zwd6 787 787
Mjb8 789 789
Gjh6 792 792
Hhj4 794 794
Qxh9 795 795
Scw1 797 797
Mwk1 800 800
Frz8 805 805
Bqa7 809 809
Zft4 813 813
Tz_4 818 818
Tqu0 821 821
Bon1 823 823
R__1 827 827
Kcb7 831 831
J_c2 835 835
Otj3 839 839
Cgr6 840 840
Msk1 844 844
Mfy9 846 846
Muw4 849 849
Otg1 852 852
Xaj6 857 857
Ova8 859 859
Ytu0 862 862
Kal2 866 866
Iiz9 870 870
Or_1 873 873
Wgs6 876 876
Sf_2 877 877
Vhk2 880 880
Tn_8 883 883
Jyj0 887 887
Adc0 892 892
F_x5 896 896
Ih_3 898 898
Txo7 901 901
Hne9 902 902
Bfh3 907 907
Gjl6 908 908
Mek9 912 912
Plj2 915 915
Vkk4 919 919
Hz_1 922 922
U_n2 924 924
Xuu0 926 926
Zyo5 928 928
Wit7 933 933
Kzm3 934 934
Om_5 938 938
Yrl9 942 942
Elb9 944 944
Yw_4 945 945
Xny3 949 949
Uqa6 953 953
Ann8 957 957
Pob6 960 960
Olt1 963 963
Bgl6 967 967
Bu_6 970 970
Dbs9 974 974
Qbh3 979 979
Qy_0 981 981
Wr_5 982 982
Yox5 985 985
Hep3 990 990
Vsv9 992 992
Fqm2 997 997
Cdi0 999 999
Cv_2 1002 1002
Cln3 1004 1004
Fo_2 1009 1009
B_m2 1012 1012
Zvn9 1016 1016
P_q3 1019 1019
Y_j9 1021 1021
Htx3 1024 1024
Zft5 1029 1029
Ohb9 1033 1033
Kvc3 1035 1035
Q_g9 1039 1039
Nqf0 1042 1042
Sxh9 1044 1044
Huy6 1047 1047
Dry3 1049 1049
Oyh6 1051 1051
Nnf7 1054 1054
Iys0 1059 1059
Ykg7 1061 1061
J_r4 1065 1065
Nhj1 1067 1067
Jch7 1070 1070
Nwf3 1074 1074
Zh_0 1079 1079
Kll9 1080 1080
Djp7 1082 1082
Zdq6 1085 1085
Ff_3 1086 1086
Sai5 1089 1089
Qox1 1091 1091
Fbe4 1095 1095
R_t7 1099 1099
Khd7 1102 1102
Yos0 1104 1104
I_s2 1108 1108
Kz_4 1111 1111
Ia_3 1113 1113
Uza5 1118 1118
Zuz6 1123 1123
Mcp2 1128 1128
Fv_6 1130 1130
Mro3 1133 1133
Euy0 1134 1134
Rly6 1136 1136
P_o0 1140 1140
Vhn0 1144 1144
Shs7 1148 1148
Twq9 1150 1150
Ibb9 1152 1152
Roo4 1155 1155
Nbx1 1158 1158
Tvh4 1161 1161
Tqz2 1162 1162
Cw_1 1165 1165
Fxy9 1168 1168
Jqx5 1172 1172
Sig7 1173 1173
Ati0 1178 1178
Gck7 1181 1181
Uvs3 1185 1185
Erp9 1187 1187
R_d2 1189 1189
P_k6 1192 1192
Iro8 1194 1194
Nzr1 1197 1197
Syk7 1200 1200
Jzv7 1202 1202
Ezr9 1207 1207
Pwv6 1208 1208
Kcs1 1213 1213
Hiw4 1216 1216
Ntw8 1221 1221
Xqi8 1223 1223
C_k5 1227 1227
J_k6 1230 1230
Drt2 1234 1234
Hgo1 1238 1238
F_h6 1240 1240
Jjb4 1245 1245
Rzz8 1247 1247
Rch1 1250 1250
K_w2 1254 1254
Wce3 1259 1259
Xza0 1262 1262
Ppa4 1264 1264
Bpy7 1265 1265
Yhs2 1269 1269
B_b2 1274 1274
Wdu3 1277 1277
Xbf7 1280 1280
Kmx8 1283 1283
Mc_9 1285 1285
Qqz6 1290 1290
Cux9 1295 1295
Bpr3 1297 1297
Gyl2 1299 1299
Ymp3 1304 1304
Cit4 1306 1306
Tjo8 1308 1308
Uhk5 1313 1313
Iwn9 1315 1315
Gt_5 1317 1317
Qfj1 1321 1321
Yk_4 1326 1326
Myx5 1329 1329
Zwm7 1334 1334
Yib1 1337 1337
Kfh8 1340 1340
Mzl5 1344 1344
Ffr4 1347 1347
Wrm3 1350 1350
Kjf8 1351 1351
Tqc5 1353 1353
Qqh4 1356 1356
Tzt7 1359 1359
Hmd8 1361 1361
Nyc6 1364 1364
Wor0 1368 1368
Wse5-Vew9
Zft4-Nyc6
Cw_1-Hmd8
Fqm2-Tzt7
Vng9-Nxq0
Zvn9-Og_5
Ff_3-Qqh4
Xp_8-Pph8
Jjb4-Nko4
Htx3-Tqc5
Ph_3-Wrm3
Myx7-Ixn1
Hr_2-Vsg9
Tz_4-Rra6
Bwg2-Ffr4
Nbf2-Sdk7
Cfx7-Mzl5
Msj1-Rfy4
M_v7-Kfh8
Dbx0-Jz_7
Adc0-O__4
M_s0-Biw3
Kll9-Myx5
Xb_0-Pyb6
Qyq3-Qfj1
Hz_1-Fp_6
Zh_0-Xqf0
Th_3-Out7
Khd7-Gt_5
Bqx1-Iwn9
Ueo2-Uhk5
Nd_7-Bzf4
Q__8-Nxk4
Bl_2-Jus5
Twq9-Xp_8
Kdq1-Wyx1
Ccx6-Gnx5
Ymp3-Ccx6
Umc1-Ymp3
Gyl2-Umc1
Mc_9-Qqz6
Kmx8-Mc_9
Xbf7-Kmx8
Dcq8-Wse5
B_b2-Dcq8
Ppa4-Pb_0
Wce3-Xza0
Kkt5-Wce3
Ht_3-Djt7
Cvv6-Btn6
Yhh0-Cvv6
Zxb8-Ueo2
Tol2-Hgo1
W_g2-Azq3
Drt2-Qwa2
J_k6-Drt2
Tjf6-Xqi8
Ad_1-Vnu9
Agk0-Ymf5
Syk7-Jzv7
Msj1-Syk7
Iro8-Nzr1
Yhh0-Nbf2
Gsx4-R_d2
Uvs3-Sbv1
Gck7-Uvs3
Iiz5-Gck7
Wu_7-Hl_4
Ati0-Wu_7
Sig7-Ati0
Fxy9-Jqx5
Vpv4-Cw_1
Tqz2-Nd_7
Roo4-Nbx1
Ibb9-Mfw2
Twq9-Ibb9
Shs7-Twq9
P_o0-Vhn0
Jur9-Sff8
Pvf2-Rly6
Fv_6-Mro3
Q__8-Fv_6
Fin6-Q__8
Mcp2-Fin6
Zuz6-Mcp2
Pty0-Avr3
Uza5-Uzh2
R_t0-Pmd9
Fny1-Gnx5
I_s2-Fny1
Yos0-Bm_4
Fbe4-R_t7
Qox1-Fbe4
Sai5-Qox1
Ff_3-Weh3
Zdq6-Ff_3
Yhh0-Zdq6
Qyq3-Gnx5
Kll9-Djp7
Mad0-Kll9
Jch7-Gun0
Qlz9-Jch7
J_r4-Nhj1
Iys0-Ykg7
Nnf7-Iys0
Fx_2-Oyh6
Swz5-Fx_2
Huy6-Dry3
Nqf0-Sxh9
Yhh0-Q_g9
Kvc3-Gnx5
Ohb9-Kvc3
Jvz0-Ohb9
Htx3-Zft5
Meo9-Rwy7
Axo8-Meo9
Cvs9-Hst3
Ipi3-Cvs9
Y_j9-Ipi3
P_q3-Wac1
Zqu5-Wkc8
Oie0-Zqu5
Zvn9-Whg4
Yhh0-Zvn9
Ua_1-Wkm2
Sbb1-Uuo9
B_m2-Sbb1
Gjy9-B_m2
Fo_2-B__6
Cln3-Fo_2
Cv_2-Cln3
Cdi0-Cv_2
Xl_3-X_u6
Ycc6-Wyt5
Fqm2-Ycc6
Hep3-Gnx5
Wr_5-Yox5
Th_3-Wr_5
Qaq5-Th_3
M__6-Qaq5
Qbh3-Qy_0
Bu_6-Dbs9
Bgl6-Bu_6
Pob6-Olt1
Ann8-Pob6
Udd9-Ann8
Yhh0-Mnu4
Xny3-Gnx5
Gcu6-Elb9
Yrl9-Gcu6
Om_5-Yrl9
Mgw5-Wit7
E_c8-Mgw5
Xuu0-U_q5
Vkk4-Hz_1
Ntk0-Hhk3
Fdg9-Wng3
Mek9-Fdg9
Yhh0-Mek9
Nfi4-Gnx5
Bwg2-Nfi4
Bfh3-Gjl6
Dbx0-Txo7
Ih_3-Dbx0
Adc0-Tn_5
Jyj0-Adc0
Pff1-Sf_2
Yhh0-Bl_2
Owt9-Wgs6
Kal2-Iiz9
Xaj6-Ova8
Juy9-Otg1
Muw4-Juy9
M_f3-Mfy9
I__9-Cgr6
Otj3-I__9
J_c2-Otj3
Kcb7-Ph_3
R__1-Gnx5
Bon1-R__1
Pty2-Keq7
Tqu0-Ssf7
Bqa7-Zft4
Sa_3-Frz8
Mwk1-Sa_3
Ymx9-Scw1
W_y4-Slt3
Sgx3-Gnx5
Ara4-Juf4
Xb_0-Mkz9
Hcj8-Iz_8
Hhj4-Hcj8
Syb2-Hhj4
Kvw6-Syb2
Nxo3-Kvw6
Tre5-Nxo3
Hr_2-Zwd6
Aho7-Okd5
Zet1-Aho7
Ik_6-Euv6
Nnu1-Ik_6
Hc_8-Nnu1
Gfj9-Ae_0
Ukd9-Ri_3
Sdx8-Ukd9
Rbv1-Sdx8
Vye0-Uci5
Kdq1-Jjl3
Jl_3-Kdq1
Ou_8-Rb_3
Yve6-Sky5
Udm1-Yve6
Kbl0-Ahc5
Np_5-Kbl0
M_s0-Nnp2
Mih7-M_s0
Ri_5-Rot5
Frl0-Juo8
Yhh0-Frl0
Mg_3-Qq_2
Ydp1-Mg_3
Eun0-I_r8
Uqc2-Hdg7
Kel8-Nko6
Wzi9-Zoy9
Yv_6-Wzi9
Wqt9-Yv_6
N_d0-Wqt9
Cfx7-N_d0
Deg5-Cfx7
Eag0-Iuc1
Fxw7-Eag0
T_p3-Fxw7
Dxk1-Acb9
Yhh0-Dxk1
Acb9-C_d7
C_d7-T_p3
Iuc1-Deg5
Zoy9-Eey2
Eey2-Kel8
Nko6-Uqc2
Hdg7-Eun0
I_r8-Ydp1
Qq_2-Gnx5
Juo8-Ri_5
Rot5-Okk6
Okk6-Z_c3
Z_c3-Mih7
Nnp2-Np_5
Ahc5-A_j6
A_j6-Udm1
Sky5-Vws8
Vws8-Ou_8
Rb_3-Gro2
Gro2-Aat0
Aat0-Gnx5
Yhh0-Jl_3
Jjl3-Qld2
Qld2-Vye0
Uci5-Rbv1
Ri_3-P_w0
P_w0-Gfj9
Ae_0-Hc_8
Euv6-Gnx5
Yhh0-Cxq8
Cxq8-Mqb0
Mqb0-Vng9
Vng9-Jhp4
Jhp4-Zet1
Okd5-Hr_2
Zwd6-Mjb8
Mjb8-Gjh6
Gjh6-Tre5
Iz_8-Xb_0
Mkz9-Qxh9
Qxh9-Ara4
Juf4-Sgx3
Yhh0-W_y4
Slt3-Ymx9
Scw1-Mg_2
Mg_2-Mwk1
Frz8-Bqa7
Zft4-Tz_4
Tz_4-Tqu0
Ssf7-Pty2
Keq7-Bon1
Yhh0-Kcb7
Ph_3-Ypr8
Ypr8-Mys8
Mys8-J_c2
Cgr6-Kkg1
Kkg1-Msk1
Msk1-M_f3
Mfy9-Muw4
Otg1-Xaj6
Ova8-Ytu0
Ytu0-B_u2
B_u2-Kal2
Iiz9-Or_1
Or_1-Owt9
Wgs6-Gnx5
Bl_2-Vjt0
Vjt0-Pff1
Sf_2-Vhk2
Vhk2-Ans4
Ans4-Tn_8
Tn_8-Jyj0
Tn_5-Wpb2
Wpb2-F_x5
F_x5-Ih_3
Txo7-Hne9
Hne9-Bfh3
Gjl6-Bwg2
Wng3-Plj2
Plj2-Ntk0
Hhk3-Vkk4
Hz_1-U_n2
U_n2-Xuu0
U_q5-Zyo5
Zyo5-E_c8
Wit7-Kzm3
Kzm3-Om_5
Elb9-Yw_4
Yw_4-Xny3
Mnu4-Uqa6
Uqa6-Myx7
Myx7-Udd9
Olt1-Bgl6
Dbs9-Qbh3
Qy_0-M__6
Yox5-Hep3
Yhh0-Xs_3
Xs_3-Mi_4
Mi_4-Vsv9
Vsv9-Fqm2
Wyt5-Evo1
Evo1-Xl_3
X_u6-Cdi0
B__6-Gjy9
Uuo9-Ua_1
Wkm2-Gnx5
Whg4-Qzr6
Qzr6-Jei9
Jei9-Oie0
Wkc8-P_q3
Wac1-Y_j9
Hst3-Axo8
Rwy7-Htx3
Zft5-Chs9
Chs9-Jvz0
Q_g9-Nqf0
Sxh9-Huy6
Dry3-Swz5
Oyh6-Nnf7
Ykg7-J_r4
Nhj1-Qlz9
Gun0-Nwf3
Nwf3-Zh_0
Zh_0-M_v7
M_v7-Mad0
Djp7-Qyq3
Weh3-J_v9
J_v9-Sai5
R_t7-Rwh1
Rwh1-Khd7
Khd7-Yos0
Bm_4-Buw4
Buw4-I_s2
Yhh0-Kz_4
Kz_4-Vyp8
Vyp8-R_t0
Pmd9-Ia_3
Ia_3-Uza5
Uzh2-Dpl8
Dpl8-U_k0
U_k0-Qsq2
Qsq2-Pty0
Avr3-Zuz6
Mro3-Euy0
Euy0-Pvf2
Rly6-Jur9
Sff8-P_o0
Vhn0-Shs7
Mfw2-Roo4
Nbx1-Tvh4
Tvh4-Tqz2
Nd_7-Vpv4
Cw_1-Fxy9
Jqx5-Sig7
Hl_4-Iiz5
Sbv1-Xpe5
Xpe5-Agx7
Agx7-Erp9
Erp9-Gsx4
R_d2-Gnx5
Nbf2-P_k6
P_k6-Iro8
Nzr1-Bqx1
Bqx1-Gqf4
Gqf4-Ht_0
Ht_0-Msj1
Jzv7-Agk0
Ymf5-Ezr9
Ezr9-Ad_1
Vnu9-Pwv6
Pwv6-Kcs1
Kcs1-Cih2
Cih2-Ot_9
Ot_9-Hiw4
Hiw4-Ntw8
Ntw8-Tjf6
Xqi8-C_k5
C_k5-Max4
Max4-J_k6
Qwa2-W_g2
Azq3-Tol2
Hgo1-Zxb8
Ueo2-F_h6
F_h6-Gnx5
Btn6-Dwc5
Dwc5-Jjb4
Jjb4-Wqe0
Wqe0-Gag7
Gag7-Rzz8
Rzz8-Rch1
Rch1-K_w2
K_w2-Dxi3
Dxi3-Ht_3
Djt7-Kkt5
Xza0-Rz_7
Rz_7-Ppa4
Pb_0-Bpy7
Bpy7-Yhs2
Yhs2-B_b2
Wse5-Oss0
Oss0-Wdu3
Wdu3-Vla8
Vla8-Kce8
Kce8-Xbf7
Qqz6-Cux9
Cux9-Bpr3
Bpr3-Jqo8
Jqo8-Vwx4
Vwx4-Gyl2
Vye0-Cit4
Iz_8-Sfd3
Nwf3-Hra2
Jjb4-Tjo8
Xbf7-Qom1
Bzf4-Kgy8
Twq9-Yk_4
Iro8-Gpo0
Xuu0-Zwm7
Ht_0-Oax0
Ueo2-Reh2
Avr3-Sox9
Mi_4-Yib1
Oss0-Twr4
Mnu4-Wlv0
Bqa7-Mg_0
Mfw2-Hua5
Uhk5-Kjf8
Wyt5-Rdz0
U_n2-Brr0
Nqf0-Fmd3
P_o0-Wor0

L0-Zdq6 L3-Jl_3 L4-W_y4 L8-Mnu4 L17-Bl_2 L18-Xs_3 L25-Frl0 L33-Zvn9 L34-Mek9 L44-Q_g9 L55-Dxk1 L56-Cxq8 L57-Kcb7
L0-Ff_3 L1-Zdq6 L3-Kdq1 L4-Slt3 L6-Jl_3 L7-W_y4 L8-Uqa6 L12-Mnu4 L17-Vjt0 L18-Mi_4 L23-Bl_2 L24-Xs_3 L25-Juo8 L32-Frl0 L33-Whg4 L34-Fdg9 L42-Zvn9 L43-Mek9 L44-Nqf0 L54-Q_g9 L55-Acb9 L56-Mqb0 L57-Ph_3 L68-Dxk1 L69-Cxq8 L70-Kcb7
L0-Weh3 L1-Ff_3 L2-Zdq6 L3-Jjl3 L4-Ymx9 L6-Kdq1 L7-Slt3 L8-Myx7 L10-Jl_3 L11-W_y4 L12-Uqa6 L16-Mnu4 L17-Pff1 L18-Vsv9 L23-Vjt0 L24-Mi_4 L25-Ri_5 L30-Bl_2 L31-Xs_3 L32-Juo8 L33-Qzr6 L34-Wng3 L41-Frl0 L42-Whg4 L43-Fdg9 L44-Sxh9 L52-Zvn9 L53-Mek9 L54-Nqf0 L55-C_d7 L56-Vng9 L57-Ypr8 L67-Q_g9 L68-Acb9 L69-Mqb0 L70-Ph_3 L81-Dxk1 L82-Cxq8 L83-Kcb7
L0-J_v9 L1-Weh3 L2-Ff_3 L3-Qld2 L4-Scw1 L5-Zdq6 L6-Jjl3 L7-Ymx9 L8-Udd9 L10-Kdq1 L11-Slt3 L12-Myx7 L14-Jl_3 L15-W_y4 L16-Uqa6 L17-Sf_2 L18-Fqm2 L22-Mnu4 L23-Pff1 L24-Vsv9 L25-Rot5 L30-Vjt0 L31-Mi_4 L32-Ri_5 L33-Jei9 L34-Plj2 L39-Bl_2 L40-Xs_3 L41-Juo8 L42-Qzr6 L43-Wng3 L44-Huy6 L51-Frl0 L52-Whg4 L53-Fdg9 L54-Sxh9 L55-T_p3 L56-Jhp4 L57-Mys8 L65-Zvn9 L66-Mek9 L67-Nqf0 L68-C_d7 L69-Vng9 L70-Ypr8 L80-Q_g9 L81-Acb9 L82-Mqb0 L83-Ph_3
L0-Sai5 L1-J_v9 L2-Weh3 L3-Vye0 L4-Mg_2 L5-Ff_3 L6-Qld2 L7-Scw1 L8-Ann8 L9-Zdq6 L10-Jjl3 L11-Ymx9 L12-Udd9 L14-Kdq1 L15-Slt3 L16-Myx7 L17-Vhk2 L18-Ycc6 L20-Jl_3 L21-W_y4 L22-Uqa6 L23-Sf_2 L24-Fqm2 L25-Okk6 L29-Mnu4 L30-Pff1 L31-Vsv9 L32-Rot5 L33-Oie0 L34-Ntk0 L39-Vjt0 L40-Mi_4 L41-Ri_5 L42-Jei9 L43-Plj2 L44-Dry3 L49-Bl_2 L50-Xs_3 L51-Juo8 L52-Qzr6 L53-Wng3 L54-Huy6 L55-Fxw7 L56-Zet1 L57-J_c2 L64-Frl0 L65-Whg4 L66-Fdg9 L67-Sxh9 L68-T_p3 L69-Jhp4 L70-Mys8 L78-Zvn9 L79-Mek9 L80-Nqf0 L81-C_d7 L82-Vng9 L83-Ypr8
L0-Qox1 L1-Sai5 L2-J_v9 L3-Uci5 L4-Mwk1 L5-Weh3 L6-Vye0 L7-Mg_2 L8-Pob6 L9-Ff_3 L10-Qld2 L11-Scw1 L12-Ann8 L13-Zdq6 L14-Jjl3 L15-Ymx9 L16-Udd9 L17-Ans4 L18-Wyt5 L20-Kdq1 L21-Slt3 L22-Myx7 L23-Vhk2 L24-Ycc6 L25-Z_c3 L27-Jl_3 L28-W_y4 L29-Uqa6 L30-Sf_2 L31-Fqm2 L32-Okk6 L33-Zqu5 L34-Hhk3 L38-Mnu4 L39-Pff1 L40-Vsv9 L41-Rot5 L42-Oie0 L43-Ntk0 L44-Swz5 L49-Vjt0 L50-Mi_4 L51-Ri_5 L52-Jei9 L53-Plj2 L54-Dry3 L55-Eag0 L56-Aho7 L57-Otj3 L62-Bl_2 L63-Xs_3 L64-Juo8 L65-Qzr6 L66-Wng3 L67-Huy6 L68-Fxw7 L69-Zet1 L70-J_c2 L77-Frl0 L78-Whg4 L79-Fdg9 L80-Sxh9 L81-T_p3 L82-Jhp4 L83-Mys8
L0-Fbe4 L1-Qox1 L2-Sai5 L3-Rbv1 L4-Sa_3 L5-J_v9 L6-Uci5 L7-Mwk1 L8-Olt1 L9-Weh3 L10-Vye0 L11-Mg_2 L12-Pob6 L13-Ff_3 L14-Qld2 L15-Scw1 L16-Ann8 L17-Tn_8 L18-Evo1 L19-Zdq6 L20-Jjl3 L21-Ymx9 L22-Udd9 L23-Ans4 L24-Wyt5 L25-Mih7 L27-Kdq1 L28-Slt3 L29-Myx7 L30-Vhk2 L31-Ycc6 L32-Z_c3 L33-Wkc8 L34-Vkk4 L36-Jl_3 L37-W_y4 L38-Uqa6 L39-Sf_2 L40-Fqm2 L41-Okk6 L42-Zqu5 L43-Hhk3 L44-Fx_2 L48-Mnu4 L49-Pff1 L50-Vsv9 L51-Rot5 L52-Oie0 L53-Ntk0 L54-Swz5 L55-Iuc1 L56-Okd5 L57-I__9 L62-Vjt0 L63-Mi_4 L64-Ri_5 L65-Jei9 L66-Plj2 L67-Dry3 L68-Eag0 L69-Aho7 L70-Otj3 L75-Bl_2 L76-Xs_3 L77-Juo8 L78-Qzr6 L79-Wng3 L80-Huy6 L81-Fxw7 L82-Zet1 L83-J_c2 L90-Frl0
L0-R_t7 L1-Fbe4 L2-Qox1 L3-Sdx8 L4-Frz8 L5-Sai5 L6-Rbv1 L7-Sa_3 L8-Bgl6 L9-J_v9 L10-Uci5 L11-Mwk1 L12-Olt1 L13-Weh3 L14-Vye0 L15-Mg_2 L16-Pob6 L17-Jyj0 L18-Xl_3 L19-Ff_3 L20-Qld2 L21-Scw1 L22-Ann8 L23-Tn_8 L24-Evo1 L25-M_s0 L26-Zdq6 L27-Jjl3 L28-Ymx9 L29-Udd9 L30-Ans4 L31-Wyt5 L32-Mih7 L33-P_q3 L34-Hz_1 L36-Kdq1 L37-Slt3 L38-Myx7 L39-Vhk2 L40-Ycc6 L41-Z_c3 L42-Wkc8 L43-Vkk4 L44-Oyh6 L46-Jl_3 L47-W_y4 L48-Uqa6 L49-Sf_2 L50-Fqm2 L51-Okk6 L52-Zqu5 L53-Hhk3 L54-Fx_2 L55-Deg5 L56-Hr_2 L57-Cgr6 L61-Mnu4 L62-Pff1 L63-Vsv9 L64-Rot5 L65-Oie0 L66-Ntk0 L67-Swz5 L68-Iuc1 L69-Okd5 L70-I__9 L75-Vjt0 L76-Mi_4 L77-Ri_5 L78-Jei9 L79-Plj2 L80-Dry3 L81-Eag0 L82-Aho7 L83-Otj3 L88-Bl_2 L89-Xs_3 L90-Juo8
L0-Rwh1 L1-R_t7 L2-Fbe4 L3-Ukd9 L4-Bqa7 L5-Qox1 L6-Sdx8 L7-Frz8 L8-Bu_6 L9-Sai5 L10-Rbv1 L11-Sa_3 L12-Bgl6 L13-J_v9 L14-Uci5 L15-Mwk1 L16-Olt1 L17-Adc0 L18-X_u6 L19-Weh3 L20-Vye0 L21-Mg_2 L22-Pob6 L23-Jyj0 L24-Xl_3 L25-Nnp2 L26-Ff_3 L27-Qld2 L28-Scw1 L29-Ann8 L30-Tn_8 L31-Evo1 L32-M_s0 L33-Wac1 L34-U_n2 L35-Zdq6 L36-Jjl3 L37-Ymx9 L38-Udd9 L39-Ans4 L40-Wyt5 L41-Mih7 L42-P_q3 L43-Hz_1 L44-Nnf7 L46-Kdq1 L47-Slt3 L48-Myx7 L49-Vhk2 L50-Ycc6 L51-Z_c3 L52-Wkc8 L53-Vkk4 L54-Oyh6 L55-Cfx7 L56-Zwd6 L57-Kkg1 L59-Jl_3 L60-W_y4 L61-Uqa6 L62-Sf_2 L63-Fqm2 L64-Okk6 L65-Zqu5 L66-Hhk3 L67-Fx_2 L68-Deg5 L69-Hr_2 L70-Cgr6 L74-Mnu4 L75-Pff1 L76-Vsv9 L77-Rot5 L78-Oie0 L79-Ntk0 L80-Swz5 L81-Iuc1 L82-Okd5 L83-I__9 L88-Vjt0 L89-Mi_4 L90-Ri_5
L0-Khd7 L1-Rwh1 L2-R_t7 L3-Ri_3 L4-Zft4 L5-Fbe4 L6-Ukd9 L7-Bqa7 L8-Dbs9 L9-Qox1 L10-Sdx8 L11-Frz8 L12-Bu_6 L13-Sai5 L14-Rbv1 L15-Sa_3 L16-Bgl6 L17-Tn_5 L18-Cdi0 L19-J_v9 L20-Uci5 L21-Mwk1 L22-Olt1 L23-Adc0 L24-X_u6 L25-Np_5 L26-Weh3 L27-Vye0 L28-Mg_2 L29-Pob6 L30-Jyj0 L31-Xl_3 L32-Nnp2 L33-Y_j9 L34-Xuu0 L35-Ff_3 L36-Qld2 L37-Scw1 L38-Ann8 L39-Tn_8 L40-Evo1 L41-M_s0 L42-Wac1 L43-U_n2 L44-Iys0 L45-Zdq6 L46-Jjl3 L47-Ymx9 L48-Udd9 L49-Ans4 L50-Wyt5 L51-Mih7 L52-P_q3 L53-Hz_1 L54-Nnf7 L55-N_d0 L56-Mjb8 L57-Msk1 L59-Kdq1 L60-Slt3 L61-Myx7 L62-Vhk2 L63-Ycc6 L64-Z_c3 L65-Wkc8 L66-Vkk4 L67-Oyh6 L68-Cfx7 L69-Zwd6 L70-Kkg1 L72-Jl_3 L73-W_y4 L74-Uqa6 L75-Sf_2 L76-Fqm2 L77-Okk6 L78-Zqu5 L79-Hhk3 L80-Fx_2 L81-Deg5 L82-Hr_2 L83-Cgr6 L87-Mnu4 L88-Pff1 L89-Vsv9 L90-Rot5
L0-Yos0 L1-Khd7 L2-Rwh1 L3-P_w0 L4-Tz_4 L5-R_t7 L6-Ri_3 L7-Zft4 L8-Qbh3 L9-Fbe4 L10-Ukd9 L11-Bqa7 L12-Dbs9 L13-Qox1 L14-Sdx8 L15-Frz8 L16-Bu_6 L17-Wpb2 L18-Cv_2 L19-Sai5 L20-Rbv1 L21-Sa_3 L22-Bgl6 L23-Tn_5 L24-Cdi0 L25-Kbl0 L26-J_v9 L27-Uci5 L28-Mwk1 L29-Olt1 L30-Adc0 L31-X_u6 L32-Np_5 L33-Ipi3 L34-U_q5 L35-Weh3 L36-Vye0 L37-Mg_2 L38-Pob6 L39-Jyj0 L40-Xl_3 L41-Nnp2 L42-Y_j9 L43-Xuu0 L44-Ykg7 L45-Ff_3 L46-Qld2 L47-Scw1 L48-Ann8 L49-Tn_8 L50-Evo1 L51-M_s0 L52-Wac1 L53-U_n2 L54-Iys0 L55-Wqt9 L56-Gjh6 L57-M_f3 L58-Zdq6 L59-Jjl3 L60-Ymx9 L61-Udd9 L62-Ans4 L63-Wyt5 L64-Mih7 L65-P_q3 L66-Hz_1 L67-Nnf7 L68-N_d0 L69-Mjb8 L70-Msk1 L72-Kdq1 L73-Slt3 L74-Myx7 L75-Vhk2 L76-Ycc6 L77-Z_c3 L78-Wkc8 L79-Vkk4 L80-Oyh6 L81-Cfx7 L82-Zwd6 L83-Kkg1 L85-Jl_3 L86-W_y4 L87-Uqa6 L88-Sf_2 L89-Fqm2 L90-Okk6
L0-Bm_4 L1-Yos0 L2-Khd7 L3-Gfj9 L4-Tqu0 L5-Rwh1 L6-P_w0 L7-Tz_4 L8-Qy_0 L9-R_t7 L10-Ri_3 L11-Zft4 L12-Qbh3 L13-Fbe4 L14-Ukd9 L15-Bqa7 L16-Dbs9 L17-F_x5 L18-Cln3 L19-Qox1 L20-Sdx8 L21-Frz8 L22-Bu_6 L23-Wpb2 L24-Cv_2 L25-Ahc5 L26-Sai5 L27-Rbv1 L28-Sa_3 L29-Bgl6 L30-Tn_5 L31-Cdi0 L32-Kbl0 L33-Cvs9 L34-Zyo5 L35-J_v9 L36-Uci5 L37-Mwk1 L38-Olt1 L39-Adc0 L40-X_u6 L41-Np_5 L42-Ipi3 L43-U_q5 L44-J_r4 L45-Weh3 L46-Vye0 L47-Mg_2 L48-Pob6 L49-Jyj0 L50-Xl_3 L51-Nnp2 L52-Y_j9 L53-Xuu0 L54-Ykg7 L55-Yv_6 L56-Tre5 L57-Mfy9 L58-Ff_3 L59-Qld2 L60-Scw1 L61-Ann8 L62-Tn_8 L63-Evo1 L64-M_s0 L65-Wac1 L66-U_n2 L67-Iys0 L68-Wqt9 L69-Gjh6 L70-M_f3 L71-Zdq6 L72-Jjl3 L73-Ymx9 L74-Udd9 L75-Ans4 L76-Wyt5 L77-Mih7 L78-P_q3 L79-Hz_1 L80-Nnf7 L81-N_d0 L82-Mjb8 L83-Msk1 L85-Kdq1 L86-Slt3 L87-Myx7 L88-Vhk2 L89-Ycc6 L90-Z_c3
L0-Buw4 L1-Bm_4 L2-Yos0 L3-Ae_0 L4-Ssf7 L5-Khd7 L6-Gfj9 L7-Tqu0 L8-M__6 L9-Rwh1 L10-P_w0 L11-Tz_4 L12-Qy_0 L13-R_t7 L14-Ri_3 L15-Zft4 L16-Qbh3 L17-Ih_3 L18-Fo_2 L19-Fbe4 L20-Ukd9 L21-Bqa7 L22-Dbs9 L23-F_x5 L24-Cln3 L25-A_j6 L26-Qox1 L27-Sdx8 L28-Frz8 L29-Bu_6 L30-Wpb2 L31-Cv_2 L32-Ahc5 L33-Hst3 L34-E_c8 L35-Sai5 L36-Rbv1 L37-Sa_3 L38-Bgl6 L39-Tn_5 L40-Cdi0 L41-Kbl0 L42-Cvs9 L43-Zyo5 L44-Nhj1 L45-J_v9 L46-Uci5 L47-Mwk1 L48-Olt1 L49-Adc0 L50-X_u6 L51-Np_5 L52-Ipi3 L53-U_q5 L54-J_r4 L55-Wzi9 L56-Nxo3 L57-Muw4 L58-Weh3 L59-Vye0 L60-Mg_2 L61-Pob6 L62-Jyj0 L63-Xl_3 L64-Nnp2 L65-Y_j9 L66-Xuu0 L67-Ykg7 L68-Yv_6 L69-Tre5 L70-Mfy9 L71-Ff_3 L72-Qld2 L73-Scw1 L74-Ann8 L75-Tn_8 L76-Evo1 L77-M_s0 L78-Wac1 L79-U_n2 L80-Iys0 L81-Wqt9 L82-Gjh6 L83-M_f3 L84-Zdq6 L85-Jjl3 L86-Ymx9 L87-Udd9 L88-Ans4 L89-Wyt5 L90-Mih7
L0-I_s2 L1-Buw4 L2-Bm_4 L3-Hc_8 L4-Pty2 L5-Yos0 L6-Ae_0 L7-Ssf7 L8-Qaq5 L9-Khd7 L10-Gfj9 L11-Tqu0 L12-M__6 L13-Rwh1 L14-P_w0 L15-Tz_4 L16-Qy_0 L17-Dbx0 L18-B__6 L19-R_t7 L20-Ri_3 L21-Zft4 L22-Qbh3 L23-Ih_3 L24-Fo_2 L25-Udm1 L26-Fbe4 L27-Ukd9 L28-Bqa7 L29-Dbs9 L30-F_x5 L31-Cln3 L32-A_j6 L33-Axo8 L34-Mgw5 L35-Qox1 L36-Sdx8 L37-Frz8 L38-Bu_6 L39-Wpb2 L40-Cv_2 L41-Ahc5 L42-Hst3 L43-E_c8 L44-Qlz9 L45-Sai5 L46-Rbv1 L47-Sa_3 L48-Bgl6 L49-Tn_5 L50-Cdi0 L51-Kbl0 L52-Cvs9 L53-Zyo5 L54-Nhj1 L55-Zoy9 L56-Kvw6 L57-Juy9 L58-J_v9 L59-Uci5 L60-Mwk1 L61-Olt1 L62-Adc0 L63-X_u6 L64-Np_5 L65-Ipi3 L66-U_q5 L67-J_r4 L68-Wzi9 L69-Nxo3 L70-Muw4 L71-Weh3 L72-Vye0 L73-Mg_2 L74-Pob6 L75-Jyj0 L76-Xl_3 L77-Nnp2 L78-Y_j9 L79-Xuu0 L80-Ykg7 L81-Yv_6 L82-Tre5 L83-Mfy9 L84-Ff_3 L85-Qld2 L86-Scw1 L87-Ann8 L88-Tn_8 L89-Evo1 L90-M_s0
L0-Fny1 L1-I_s2 L2-Buw4 L3-Nnu1 L4-Keq7 L5-Bm_4 L6-Hc_8 L7-Pty2 L8-Th_3 L9-Yos0 L10-Ae_0 L11-Ssf7 L12-Qaq5 L13-Khd7 L14-Gfj9 L15-Tqu0 L16-M__6 L17-Txo7 L18-Gjy9 L19-Rwh1 L20-P_w0 L21-Tz_4 L22-Qy_0 L23-Dbx0 L24-B__6 L25-Yve6 L26-R_t7 L27-Ri_3 L28-Zft4 L29-Qbh3 L30-Ih_3 L31-Fo_2 L32-Udm1 L33-Meo9 L34-Wit7 L35-Fbe4 L36-Ukd9 L37-Bqa7 L38-Dbs9 L39-F_x5 L40-Cln3 L41-A_j6 L42-Axo8 L43-Mgw5 L44-Jch7 L45-Qox1 L46-Sdx8 L47-Frz8 L48-Bu_6 L49-Wpb2 L50-Cv_2 L51-Ahc5 L52-Hst3 L53-E_c8 L54-Qlz9 L55-Eey2 L56-Syb2 L57-Otg1 L58-Sai5 L59-Rbv1 L60-Sa_3 L61-Bgl6 L62-Tn_5 L63-Cdi0 L64-Kbl0 L65-Cvs9 L66-Zyo5 L67-Nhj1 L68-Zoy9 L69-Kvw6 L70-Juy9 L71-J_v9 L72-Uci5 L73-Mwk1 L74-Olt1 L75-Adc0 L76-X_u6 L77-Np_5 L78-Ipi3 L79-U_q5 L80-J_r4 L81-Wzi9 L82-Nxo3 L83-Muw4 L84-Weh3 L85-Vye0 L86-Mg_2 L87-Pob6 L88-Jyj0 L89-Xl_3 L90-Nnp2
L0-Gnx5 L1-Fny1 L2-I_s2 L3-Ik_6 L4-Bon1 L5-Buw4 L6-Nnu1 L7-Keq7 L8-Wr_5 L9-Bm_4 L10-Hc_8 L11-Pty2 L12-Th_3 L13-Yos0 L14-Ae_0 L15-Ssf7 L16-Qaq5 L17-Hne9 L18-B_m2 L19-Khd7 L20-Gfj9 L21-Tqu0 L22-M__6 L23-Txo7 L24-Gjy9 L25-Sky5 L26-Rwh1 L27-P_w0 L28-Tz_4 L29-Qy_0 L30-Dbx0 L31-B__6 L32-Yve6 L33-Rwy7 L34-Kzm3 L35-R_t7 L36-Ri_3 L37-Zft4 L38-Qbh3 L39-Ih_3 L40-Fo_2 L41-Udm1 L42-Meo9 L43-Wit7 L44-Gun0 L45-Fbe4 L46-Ukd9 L47-Bqa7 L48-Dbs9 L49-F_x5 L50-Cln3 L51-A_j6 L52-Axo8 L53-Mgw5 L54-Jch7 L55-Kel8 L56-Hhj4 L57-Xaj6 L58-Qox1 L59-Sdx8 L60-Frz8 L61-Bu_6 L62-Wpb2 L63-Cv_2 L64-Ahc5 L65-Hst3 L66-E_c8 L67-Qlz9 L68-Eey2 L69-Syb2 L70-Otg1 L71-Sai5 L72-Rbv1 L73-Sa_3 L74-Bgl6 L75-Tn_5 L76-Cdi0 L77-Kbl0 L78-Cvs9 L79-Zyo5 L80-Nhj1 L81-Zoy9 L82-Kvw6 L83-Juy9 L84-J_v9 L85-Uci5 L86-Mwk1 L87-Olt1 L88-Adc0 L89-X_u6 L90-Np_5
L1-Gnx5 L2-Fny1 L3-Euv6 L4-R__1 L5-I_s2 L6-Ik_6 L7-Bon1 L8-Yox5 L9-Buw4 L10-Nnu1 L11-Keq7 L12-Wr_5 L13-Bm_4 L14-Hc_8 L15-Pty2 L16-Th_3 L17-Bfh3 L18-Sbb1 L19-Yos0 L20-Ae_0 L21-Ssf7 L22-Qaq5 L23-Hne9 L24-B_m2 L25-Vws8 L26-Khd7 L27-Gfj9 L28-Tqu0 L29-M__6 L30-Txo7 L31-Gjy9 L32-Sky5 L33-Htx3 L34-Om_5 L35-Rwh1 L36-P_w0 L37-Tz_4 L38-Qy_0 L39-Dbx0 L40-B__6 L41-Yve6 L42-Rwy7 L43-Kzm3 L44-Nwf3 L45-R_t7 L46-Ri_3 L47-Zft4 L48-Qbh3 L49-Ih_3 L50-Fo_2 L51-Udm1 L52-Meo9 L53-Wit7 L54-Gun0 L55-Nko6 L56-Hcj8 L57-Ova8 L58-Fbe4 L59-Ukd9 L60-Bqa7 L61-Dbs9 L62-F_x5 L63-Cln3 L64-A_j6 L65-Axo8 L66-Mgw5 L67-Jch7 L68-Kel8 L69-Hhj4 L70-Xaj6 L71-Qox1 L72-Sdx8 L73-Frz8 L74-Bu_6 L75-Wpb2 L76-Cv_2 L77-Ahc5 L78-Hst3 L79-E_c8 L80-Qlz9 L81-Eey2 L82-Syb2 L83-Otg1 L84-Sai5 L85-Rbv1 L86-Sa_3 L87-Bgl6 L88-Tn_5 L89-Cdi0 L90-Kbl0
L2-Gnx5 L3-Gnx5 L4-Gnx5 L5-Fny1 L6-Euv6 L7-R__1 L8-Hep3 L9-I_s2 L10-Ik_6 L11-Bon1 L12-Yox5 L13-Buw4 L14-Nnu1 L15-Keq7 L16-Wr_5 L17-Gjl6 L18-Uuo9 L19-Bm_4 L20-Hc_8 L21-Pty2 L22-Th_3 L23-Bfh3 L24-Sbb1 L25-Ou_8 L26-Yos0 L27-Ae_0 L28-Ssf7 L29-Qaq5 L30-Hne9 L31-B_m2 L32-Vws8 L33-Zft5 L34-Yrl9 L35-Khd7 L36-Gfj9 L37-Tqu0 L38-M__6 L39-Txo7 L40-Gjy9 L41-Sky5 L42-Htx3 L43-Om_5 L44-Zh_0 L45-Rwh1 L46-P_w0 L47-Tz_4 L48-Qy_0 L49-Dbx0 L50-B__6 L51-Yve6 L52-Rwy7 L53-Kzm3 L54-Nwf3 L55-Uqc2 L56-Iz_8 L57-Ytu0 L58-R_t7 L59-Ri_3 L60-Zft4 L61-Qbh3 L62-Ih_3 L63-Fo_2 L64-Udm1 L65-Meo9 L66-Wit7 L67-Gun0 L68-Nko6 L69-Hcj8 L70-Ova8 L71-Fbe4 L72-Ukd9 L73-Bqa7 L74-Dbs9 L75-F_x5 L76-Cln3 L77-A_j6 L78-Axo8 L79-Mgw5 L80-Jch7 L81-Kel8 L82-Hhj4 L83-Xaj6 L84-Qox1 L85-Sdx8 L86-Frz8 L87-Bu_6 L88-Wpb2 L89-Cv_2 L90-Ahc5
L5-Gnx5 L6-Gnx5 L7-Gnx5 L8-Gnx5 L9-Fny1 L10-Euv6 L11-R__1 L12-Hep3 L13-I_s2 L14-Ik_6 L15-Bon1 L16-Yox5 L17-Bwg2 L18-Ua_1 L19-Buw4 L20-Nnu1 L21-Keq7 L22-Wr_5 L23-Gjl6 L24-Uuo9 L25-Rb_3 L26-Bm_4 L27-Hc_8 L28-Pty2 L29-Th_3 L30-Bfh3 L31-Sbb1 L32-Ou_8 L33-Chs9 L34-Gcu6 L35-Yos0 L36-Ae_0 L37-Ssf7 L38-Qaq5 L39-Hne9 L40-B_m2 L41-Vws8 L42-Zft5 L43-Yrl9 L44-M_v7 L45-Khd7 L46-Gfj9 L47-Tqu0 L48-M__6 L49-Txo7 L50-Gjy9 L51-Sky5 L52-Htx3 L53-Om_5 L54-Zh_0 L55-Hdg7 L56-Xb_0 L57-B_u2 L58-Rwh1 L59-P_w0 L60-Tz_4 L61-Qy_0 L62-Dbx0 L63-B__6 L64-Yve6 L65-Rwy7 L66-Kzm3 L67-Nwf3 L68-Uqc2 L69-Iz_8 L70-Ytu0 L71-R_t7 L72-Ri_3 L73-Zft4 L74-Qbh3 L75-Ih_3 L76-Fo_2 L77-Udm1 L78-Meo9 L79-Wit7 L80-Gun0 L81-Nko6 L82-Hcj8 L83-Ova8 L84-Fbe4 L85-Ukd9 L86-Bqa7 L87-Dbs9 L88-F_x5 L89-Cln3 L90-A_j6
L9-Gnx5 L10-Gnx5 L11-Gnx5 L12-Gnx5 L13-Fny1 L14-Euv6 L15-R__1 L16-Hep3 L17-Nfi4 L18-Wkm2 L19-I_s2 L20-Ik_6 L21-Bon1 L22-Yox5 L23-Bwg2 L24-Ua_1 L25-Gro2 L26-Buw4 L27-Nnu1 L28-Keq7 L29-Wr_5 L30-Gjl6 L31-Uuo9 L32-Rb_3 L33-Jvz0 L34-Elb9 L35-Bm_4 L36-Hc_8 L37-Pty2 L38-Th_3 L39-Bfh3 L40-Sbb1 L41-Ou_8 L42-Chs9 L43-Gcu6 L44-Mad0 L45-Yos0 L46-Ae_0 L47-Ssf7 L48-Qaq5 L49-Hne9 L50-B_m2 L51-Vws8 L52-Zft5 L53-Yrl9 L54-M_v7 L55-Eun0 L56-Mkz9 L57-Kal2 L58-Khd7 L59-Gfj9 L60-Tqu0 L61-M__6 L62-Txo7 L63-Gjy9 L64-Sky5 L65-Htx3 L66-Om_5 L67-Zh_0 L68-Hdg7 L69-Xb_0 L70-B_u2 L71-Rwh1 L72-P_w0 L73-Tz_4 L74-Qy_0 L75-Dbx0 L76-B__6 L77-Yve6 L78-Rwy7 L79-Kzm3 L80-Nwf3 L81-Uqc2 L82-Iz_8 L83-Ytu0 L84-R_t7 L85-Ri_3 L86-Zft4 L87-Qbh3 L88-Ih_3 L89-Fo_2 L90-Udm1
L13-Gnx5 L14-Gnx5 L15-Gnx5 L16-Gnx5 L17-Gnx5 L18-Gnx5 L19-Fny1 L20-Euv6 L21-R__1 L22-Hep3 L23-Nfi4 L24-Wkm2 L25-Aat0 L26-I_s2 L27-Ik_6 L28-Bon1 L29-Yox5 L30-Bwg2 L31-Ua_1 L32-Gro2 L33-Ohb9 L34-Yw_4 L35-Buw4 L36-Nnu1 L37-Keq7 L38-Wr_5 L39-Gjl6 L40-Uuo9 L41-Rb_3 L42-Jvz0 L43-Elb9 L44-Kll9 L45-Bm_4 L46-Hc_8 L47-Pty2 L48-Th_3 L49-Bfh3 L50-Sbb1 L51-Ou_8 L52-Chs9 L53-Gcu6 L54-Mad0 L55-I_r8 L56-Qxh9 L57-Iiz9 L58-Yos0 L59-Ae_0 L60-Ssf7 L61-Qaq5 L62-Hne9 L63-B_m2 L64-Vws8 L65-Zft5 L66-Yrl9 L67-M_v7 L68-Eun0 L69-Mkz9 L70-Kal2 L71-Khd7 L72-Gfj9 L73-Tqu0 L74-M__6 L75-Txo7 L76-Gjy9 L77-Sky5 L78-Htx3 L79-Om_5 L80-Zh_0 L81-Hdg7 L82-Xb_0 L83-B_u2 L84-Rwh1 L85-P_w0 L86-Tz_4 L87-Qy_0 L88-Dbx0 L89-B__6 L90-Yve6
L19-Gnx5 L20-Gnx5 L21-Gnx5 L22-Gnx5 L23-Gnx5 L24-Gnx5 L25-Gnx5 L26-Fny1 L27-Euv6 L28-R__1 L29-Hep3 L30-Nfi4 L31-Wkm2 L32-Aat0 L33-Kvc3 L34-Xny3 L35-I_s2 L36-Ik_6 L37-Bon1 L38-Yox5 L39-Bwg2 L40-Ua_1 L41-Gro2 L42-Ohb9 L43-Yw_4 L44-Djp7 L45-Buw4 L46-Nnu1 L47-Keq7 L48-Wr_5 L49-Gjl6 L50-Uuo9 L51-Rb_3 L52-Jvz0 L53-Elb9 L54-Kll9 L55-Ydp1 L56-Ara4 L57-Or_1 L58-Bm_4 L59-Hc_8 L60-Pty2 L61-Th_3 L62-Bfh3 L63-Sbb1 L64-Ou_8 L65-Chs9 L66-Gcu6 L67-Mad0 L68-I_r8 L69-Qxh9 L70-Iiz9 L71-Yos0 L72-Ae_0 L73-Ssf7 L74-Qaq5 L75-Hne9 L76-B_m2 L77-Vws8 L78-Zft5 L79-Yrl9 L80-M_v7 L81-Eun0 L82-Mkz9 L83-Kal2 L84-Khd7 L85-Gfj9 L86-Tqu0 L87-M__6 L88-Txo7 L89-Gjy9 L90-Sky5
L26-Gnx5 L27-Gnx5 L28-Gnx5 L29-Gnx5 L30-Gnx5 L31-Gnx5 L32-Gnx5 L33-Gnx5 L34-Gnx5 L35-Fny1 L36-Euv6 L37-R__1 L38-Hep3 L39-Nfi4 L40-Wkm2 L41-Aat0 L42-Kvc3 L43-Xny3 L44-Qyq3 L45-I_s2 L46-Ik_6 L47-Bon1 L48-Yox5 L49-Bwg2 L50-Ua_1 L51-Gro2 L52-Ohb9 L53-Yw_4 L54-Djp7 L55-Mg_3 L56-Juf4 L57-Owt9 L58-Buw4 L59-Nnu1 L60-Keq7 L61-Wr_5 L62-Gjl6 L63-Uuo9 L64-Rb_3 L65-Jvz0 L66-Elb9 L67-Kll9 L68-Ydp1 L69-Ara4 L70-Or_1 L71-Bm_4 L72-Hc_8 L73-Pty2 L74-Th_3 L75-Bfh3 L76-Sbb1 L77-Ou_8 L78-Chs9 L79-Gcu6 L80-Mad0 L81-I_r8 L82-Qxh9 L83-Iiz9 L84-Yos0 L85-Ae_0 L86-Ssf7 L87-Qaq5 L88-Hne9 L89-B_m2 L90-Vws8
L35-Gnx5 L36-Gnx5 L37-Gnx5 L38-Gnx5 L39-Gnx5 L40-Gnx5 L41-Gnx5 L42-Gnx5 L43-Gnx5 L44-Gnx5 L45-Fny1 L46-Euv6 L47-R__1 L48-Hep3 L49-Nfi4 L50-Wkm2 L51-Aat0 L52-Kvc3 L53-Xny3 L54-Qyq3 L55-Qq_2 L56-Sgx3 L57-Wgs6 L58-I_s2 L59-Ik_6 L60-Bon1 L61-Yox5 L62-Bwg2 L63-Ua_1 L64-Gro2 L65-Ohb9 L66-Yw_4 L67-Djp7 L68-Mg_3 L69-Juf4 L70-Owt9 L71-Buw4 L72-Nnu1 L73-Keq7 L74-Wr_5 L75-Gjl6 L76-Uuo9 L77-Rb_3 L78-Jvz0 L79-Elb9 L80-Kll9 L81-Ydp1 L82-Ara4 L83-Or_1 L84-Bm_4 L85-Hc_8 L86-Pty2 L87-Th_3 L88-Bfh3 L89-Sbb1 L90-Ou_8
L45-Gnx5 L46-Gnx5 L47-Gnx5 L48-Gnx5 L49-Gnx5 L50-Gnx5 L51-Gnx5 L52-Gnx5 L53-Gnx5 L54-Gnx5 L55-Gnx5 L56-Gnx5 L57-Gnx5 L58-Fny1 L59-Euv6 L60-R__1 L61-Hep3 L62-Nfi4 L63-Wkm2 L64-Aat0 L65-Kvc3 L66-Xny3 L67-Qyq3 L68-Qq_2 L69-Sgx3 L70-Wgs6 L71-I_s2 L72-Ik_6 L73-Bon1 L74-Yox5 L75-Bwg2 L76-Ua_1 L77-Gro2 L78-Ohb9 L79-Yw_4 L80-Djp7 L81-Mg_3 L82-Juf4 L83-Owt9 L84-Buw4 L85-Nnu1 L86-Keq7 L87-Wr_5 L88-Gjl6 L89-Uuo9 L90-Rb_3
L58-Gnx5 L59-Gnx5 L60-Gnx5 L61-Gnx5 L62-Gnx5 L63-Gnx5 L64-Gnx5 L65-Gnx5 L66-Gnx5 L67-Gnx5 L68-Gnx5 L69-Gnx5 L70-Gnx5 L71-Fny1 L72-Euv6 L73-R__1 L74-Hep3 L75-Nfi4 L76-Wkm2 L77-Aat0 L78-Kvc3 L79-Xny3 L80-Qyq3 L81-Qq_2 L82-Sgx3 L83-Wgs6 L84-I_s2 L85-Ik_6 L86-Bon1 L87-Yox5 L88-Bwg2 L89-Ua_1 L90-Gro2
L71-Gnx5 L72-Gnx5 L73-Gnx5 L74-Gnx5 L75-Gnx5 L76-Gnx5 L77-Gnx5 L78-Gnx5 L79-Gnx5 L80-Gnx5 L81-Gnx5 L82-Gnx5 L83-Gnx5 L84-Fny1 L85-Euv6 L86-R__1 L87-Hep3 L88-Nfi4 L89-Wkm2 L90-Aat0
L84-Gnx5 L85-Gnx5 L86-Gnx5 L87-Gnx5 L88-Gnx5 L89-Gnx5 L90-Gnx5
